d:\graduated2\圖導\course_2018\projects\maze\maze\maze\x64\debug\vc141.pdb
d:\graduated2\圖導\course_2018\projects\maze\maze\maze\x64\debug\vertex.obj
d:\graduated2\圖導\course_2018\projects\maze\maze\maze\x64\debug\openglwidget.obj
d:\graduated2\圖導\course_2018\projects\maze\maze\maze\x64\debug\mazewidget.obj
d:\graduated2\圖導\course_2018\projects\maze\maze\maze\x64\debug\maze.obj
d:\graduated2\圖導\course_2018\projects\maze\maze\maze\x64\debug\main.obj
d:\graduated2\圖導\course_2018\projects\maze\maze\maze\x64\debug\lineseg.obj
d:\graduated2\圖導\course_2018\projects\maze\maze\maze\x64\debug\moc_openglwidget.obj
d:\graduated2\圖導\course_2018\projects\maze\maze\maze\x64\debug\moc_mazewidget.obj
d:\graduated2\圖導\course_2018\projects\maze\maze\maze\x64\debug\edge.obj
d:\graduated2\圖導\course_2018\projects\maze\maze\maze\x64\debug\cell.obj
d:\graduated2\圖導\course_2018\projects\maze\maze\maze\x64\debug\qrc_maze.obj
d:\graduated2\圖導\course_2018\projects\maze\maze\maze\generatedfiles\debug\moc_mazewidget.cpp
d:\graduated2\圖導\course_2018\projects\maze\maze\maze\generatedfiles\ui_maze.h
d:\graduated2\圖導\course_2018\projects\maze\maze\maze\generatedfiles\debug\moc_openglwidget.cpp
d:\graduated2\圖導\course_2018\projects\maze\maze\maze\generatedfiles\qrc_maze.cpp
d:\graduated2\圖導\course_2018\projects\maze\maze\x64\debug\maze.ilk
d:\graduated2\圖導\course_2018\projects\maze\maze\x64\debug\maze.exe
d:\graduated2\圖導\course_2018\projects\maze\maze\x64\debug\maze.pdb
c:\maze\maze\x64\debug\cell.obj
c:\maze\maze\x64\debug\edge.obj
c:\maze\maze\x64\debug\lineseg.obj
c:\maze\maze\x64\debug\main.obj
c:\maze\maze\x64\debug\maze.obj
c:\maze\maze\x64\debug\mazewidget.obj
c:\maze\maze\x64\debug\moc_mazewidget.obj
c:\maze\maze\x64\debug\moc_openglwidget.obj
c:\maze\maze\x64\debug\openglwidget.obj
c:\maze\maze\x64\debug\qrc_maze.obj
c:\maze\maze\x64\debug\vertex.obj
c:\maze\maze\x64\debug\vc141.pdb
c:\maze\x64\debug\maze.pdb
c:\maze\x64\debug\maze.exe
c:\maze\x64\debug\maze.ilk
c:\maze\maze\x64\debug\maze.tlog\cl.command.1.tlog
c:\maze\maze\x64\debug\maze.tlog\cl.read.1.tlog
c:\maze\maze\x64\debug\maze.tlog\cl.write.1.tlog
c:\maze\maze\x64\debug\maze.tlog\custombuild.command.1.tlog
c:\maze\maze\x64\debug\maze.tlog\custombuild.read.1.tlog
c:\maze\maze\x64\debug\maze.tlog\custombuild.write.1.tlog
c:\maze\maze\x64\debug\maze.tlog\link.command.1.tlog
c:\maze\maze\x64\debug\maze.tlog\link.read.1.tlog
c:\maze\maze\x64\debug\maze.tlog\link.write.1.tlog
